<?xml version="1.0" encoding="UTF-8"?>
<!-- Generated by org.testng.reporters.JUnitXMLReporter -->
<testsuite ignored="0" hostname="Dell" failures="0" tests="4" name="Test" time="0.111" errors="0" timestamp="2022-09-22T11:33:00 IST">
  <testcase classname="com.actitime.testscript.DemoTestNG" name="demotest" time="0.014"/>
  <testcase classname="com.actitime.testscript.CustomerModule" name="createCustomer" time="0.005"/>
  <testcase classname="com.actitime.testscript.CustomerModule" name="deleteCustomer" time="0.002"/>
  <testcase classname="com.actitime.testscript.CustomerModule" name="modifyCustomer" time="0.006"/>
</testsuite> <!-- Test -->
